This is pdfTeX, Version 3.14159265-2.6-1.40.17 (TeX Live 2016/Debian) (preloaded format=pdflatex 2017.10.4)  8 FEB 2018 15:23
entering extended mode
 restricted \write18 enabled.
 %&-line parsing enabled.
**titpg.tex
(./titpg.tex
LaTeX2e <2017/01/01> patch level 3
Babel <3.9r> and hyphenation patterns for 83 language(s) loaded.

! LaTeX Error: Environment titlepage undefined.

See the LaTeX manual or LaTeX Companion for explanation.
Type  H <return>  for immediate help.
 ...                                              
                                                  
l.1 \begin{titlepage}
                     
Your command was ignored.
Type  I <command> <return>  to replace it with another command,
or  <return>  to continue without it.


! LaTeX Error: Missing \begin{document}.

See the LaTeX manual or LaTeX Companion for explanation.
Type  H <return>  for immediate help.
 ...                                              
                                                  
l.6 \center
            % Center everything on the page
You're in trouble here.  Try typing  <return>  to proceed.
If that doesn't work, type  X <return>  to quit.


Overfull \hbox (20.0pt too wide) in paragraph at lines 6--6
[] 
 []

! Undefined control sequence.
<recently read> \LARGE 
                       
l.12 \textsc{\LARGE a seminar project report on}
                                                \\[1.5cm] % Name of your uni...
The control sequence at the end of the top line
of your error message was never \def'ed. If you have
misspelled it (e.g., `\hobx'), type `I' and the correct
spelling (e.g., `I\hbox'). Otherwise just continue,
and I'll forget about whatever was undefined.


Overfull \hbox (6.13332pt too wide) in paragraph at lines 12--12
 \OT1/cmr/m/sc/10 a 
 []


Overfull \hbox (21.39987pt too wide) in paragraph at lines 12--12
 \OT1/cmr/m/sc/10 sem- 
 []


Overfull \hbox (6.79994pt too wide) in paragraph at lines 12--12
 \OT1/cmr/m/sc/10 i- 
 []


Overfull \hbox (18.28883pt too wide) in paragraph at lines 12--12
 \OT1/cmr/m/sc/10 nar 
 []


Overfull \hbox (39.37756pt too wide) in paragraph at lines 12--12
 \OT1/cmr/m/sc/10 project 
 []


Overfull \hbox (15.37769pt too wide) in paragraph at lines 12--12
 \OT1/cmr/m/sc/10 re- 
 []


Overfull \hbox (23.19986pt too wide) in paragraph at lines 12--12
 \OT1/cmr/m/sc/10 port 
 []


Overfull \hbox (12.48885pt too wide) in paragraph at lines 12--12
 \OT1/cmr/m/sc/10 on 
 []

! Undefined control sequence.
l.19 { \huge
             \bfseries Plagiarism Detection on Bigdata Using Modified
The control sequence at the end of the top line
of your error message was never \def'ed. If you have
misspelled it (e.g., `\hobx'), type `I' and the correct
spelling (e.g., `I\hbox'). Otherwise just continue,
and I'll forget about whatever was undefined.


Overfull \hbox (53.23022pt too wide) in paragraph at lines 19--20
 []\OT1/cmr/bx/n/10 Plagiarism 
 []


Overfull \hbox (17.92352pt too wide) in paragraph at lines 19--20
 \OT1/cmr/bx/n/10 De- 
 []


Overfull \hbox (18.68741pt too wide) in paragraph at lines 19--20
 \OT1/cmr/bx/n/10 tec- 
 []


Overfull \hbox (19.80545pt too wide) in paragraph at lines 19--20
 \OT1/cmr/bx/n/10 tion 
 []


Overfull \hbox (12.13882pt too wide) in paragraph at lines 19--20
 \OT1/cmr/bx/n/10 on 
 []


Overfull \hbox (20.95822pt too wide) in paragraph at lines 19--20
 \OT1/cmr/bx/n/10 Big- 
 []


Overfull \hbox (22.0415pt too wide) in paragraph at lines 19--20
 \OT1/cmr/bx/n/10 data 
 []


Overfull \hbox (17.21655pt too wide) in paragraph at lines 19--20
 \OT1/cmr/bx/n/10 Us- 
 []


Overfull \hbox (15.33325pt too wide) in paragraph at lines 19--20
 \OT1/cmr/bx/n/10 ing 
 []


Overfull \hbox (27.20819pt too wide) in paragraph at lines 19--20
 \OT1/cmr/bx/n/10 Mod- 
 []


Overfull \hbox (7.02774pt too wide) in paragraph at lines 19--20
 \OT1/cmr/bx/n/10 i- 
 []


Overfull \hbox (18.04852pt too wide) in paragraph at lines 19--20
 \OT1/cmr/bx/n/10 fied 
 []


Overfull \hbox (26.729pt too wide) in paragraph at lines 19--20
 \OT1/cmr/bx/n/10 Map- 
 []


Overfull \hbox (43.44423pt too wide) in paragraph at lines 19--20
 \OT1/cmr/bx/n/10 Reduced 
 []


Overfull \hbox (29.96648pt too wide) in paragraph at lines 19--20
 \OT1/cmr/bx/n/10 Based 
 []


Overfull \hbox (34.30537pt too wide) in paragraph at lines 19--20
 \OT1/cmr/bx/n/10 SCAM 
 []


Overfull \hbox (15.72214pt too wide) in paragraph at lines 19--20
 \OT1/cmr/bx/n/10 Al- 
 []


Overfull \hbox (15.33325pt too wide) in paragraph at lines 19--20
 \OT1/cmr/bx/n/10 go- 
 []


Overfull \hbox (28.37486pt too wide) in paragraph at lines 19--20
 \OT1/cmr/bx/n/10 rithm 
 []

Missing character: There is no S in font nullfont!
Missing character: There is no u in font nullfont!
Missing character: There is no b in font nullfont!
Missing character: There is no m in font nullfont!
Missing character: There is no i in font nullfont!
Missing character: There is no t in font nullfont!
Missing character: There is no t in font nullfont!
Missing character: There is no e in font nullfont!
Missing character: There is no d in font nullfont!
Missing character: There is no B in font nullfont!
Missing character: There is no y in font nullfont!
Missing character: There is no : in font nullfont!
Missing character: There is no B in font nullfont!
Missing character: There is no . in font nullfont!
Missing character: There is no P in font nullfont!
Missing character: There is no r in font nullfont!
Missing character: There is no i in font nullfont!
Missing character: There is no y in font nullfont!
Missing character: There is no a in font nullfont!
Missing character: There is no n in font nullfont!
Missing character: There is no k in font nullfont!
Missing character: There is no a in font nullfont!
Missing character: There is no ( in font nullfont!
Missing character: There is no 1 in font nullfont!
Missing character: There is no 6 in font nullfont!
Missing character: There is no 0 in font nullfont!
Missing character: There is no 1 in font nullfont!
Missing character: There is no 1 in font nullfont!
Missing character: There is no 4 in font nullfont!
Missing character: There is no 7 in font nullfont!
Missing character: There is no 3 in font nullfont!
Missing character: There is no 7 in font nullfont!
Missing character: There is no 0 in font nullfont!
Missing character: There is no 2 in font nullfont!
Missing character: There is no 1 in font nullfont!
Missing character: There is no ) in font nullfont!
Missing character: There is no U in font nullfont!
Missing character: There is no n in font nullfont!
Missing character: There is no d in font nullfont!
Missing character: There is no e in font nullfont!
Missing character: There is no r in font nullfont!
Missing character: There is no S in font nullfont!
Missing character: There is no u in font nullfont!
Missing character: There is no p in font nullfont!
Missing character: There is no e in font nullfont!
Missing character: There is no r in font nullfont!
Missing character: There is no v in font nullfont!
Missing character: There is no i in font nullfont!
Missing character: There is no s in font nullfont!
Missing character: There is no i in font nullfont!
Missing character: There is no o in font nullfont!
Missing character: There is no n in font nullfont!
Missing character: There is no o in font nullfont!
Missing character: There is no f in font nullfont!
Missing character: There is no : in font nullfont!

Overfull \hbox (18.84714pt too wide) in paragraph at lines 34--34
 []\OT1/cmr/bx/n/10 Mr. 
 []


Overfull \hbox (73.26341pt too wide) in paragraph at lines 34--34
 \OT1/cmr/bx/n/10 K.Gangadhara 
 []


Overfull \hbox (19.96515pt too wide) in paragraph at lines 34--34
 \OT1/cmr/bx/n/10 Rao 
 []


Overfull \hbox (23.38321pt too wide) in paragraph at lines 35--35
 []\OT1/cmr/bx/n/10 Mrs. 
 []


Overfull \hbox (42.68033pt too wide) in paragraph at lines 35--35
 \OT1/cmr/bx/n/10 K.N.V.S 
 []


Overfull \hbox (35.24289pt too wide) in paragraph at lines 35--35
 \OT1/cmr/bx/n/10 Sridevi 
 []


Overfull \hbox (18.84714pt too wide) in paragraph at lines 36--36
 []\OT1/cmr/bx/n/10 Mr. 
 []


Overfull \hbox (12.0416pt too wide) in paragraph at lines 36--36
 \OT1/cmr/bx/n/10 U. 
 []


Overfull \hbox (35.08311pt too wide) in paragraph at lines 36--36
 \OT1/cmr/bx/n/10 Sairam 
 []


Overfull \hbox (25.43317pt too wide) in paragraph at lines 37--37
 []\OT1/cmr/bx/n/10 Asst. 
 []


Overfull \hbox (22.18045pt too wide) in paragraph at lines 37--37
 \OT1/cmr/bx/n/10 Pro- 
 []


Overfull \hbox (17.15407pt too wide) in paragraph at lines 37--37
 \OT1/cmr/bx/n/10 fes- 
 []


Overfull \hbox (30.5776pt too wide) in paragraph at lines 37--37
 \OT1/cmr/bx/n/10 sor,IT 
 []


Overfull \hbox (28.14569pt too wide) in paragraph at lines 37--37
 \OT1/cmr/bx/n/10 Dept. 
 []

! Undefined control sequence.
l.55 \includegraphics
                     {cbit.png}\\[1cm]
The control sequence at the end of the top line
of your error message was never \def'ed. If you have
misspelled it (e.g., `\hobx'), type `I' and the correct
spelling (e.g., `I\hbox'). Otherwise just continue,
and I'll forget about whatever was undefined.

Missing character: There is no c in font nullfont!
Missing character: There is no b in font nullfont!
Missing character: There is no i in font nullfont!
Missing character: There is no t in font nullfont!
Missing character: There is no . in font nullfont!
Missing character: There is no p in font nullfont!
Missing character: There is no n in font nullfont!
Missing character: There is no g in font nullfont!

Overfull \hbox (78.67973pt too wide) in paragraph at lines 57--57
 []\OT1/cmr/m/sc/10 DEPARTMENT 
 []


Overfull \hbox (15.5693pt too wide) in paragraph at lines 57--57
 \OT1/cmr/m/sc/10 OF 
 []


Overfull \hbox (15.97205pt too wide) in paragraph at lines 57--57
 \OT1/cmr/m/sc/10 IN- 
 []


Overfull \hbox (27.0553pt too wide) in paragraph at lines 57--57
 \OT1/cmr/m/sc/10 FOR- 
 []


Overfull \hbox (21.80533pt too wide) in paragraph at lines 57--57
 \OT1/cmr/m/sc/10 MA- 
 []


Overfull \hbox (28.49971pt too wide) in paragraph at lines 57--57
 \OT1/cmr/m/sc/10 TION 
 []


Overfull \hbox (35.0552pt too wide) in paragraph at lines 57--57
 \OT1/cmr/m/sc/10 TECH- 
 []


Overfull \hbox (27.19418pt too wide) in paragraph at lines 57--57
 \OT1/cmr/m/sc/10 NOL- 
 []


Overfull \hbox (25.35948pt too wide) in paragraph at lines 57--57
 \OT1/cmr/m/sc/10 OGY 
 []


Overfull \hbox (66.86043pt too wide) in paragraph at lines 58--58
 []\OT1/cmr/m/sc/10 CHAITANYA 
 []


Overfull \hbox (59.30495pt too wide) in paragraph at lines 58--58
 \OT1/cmr/m/sc/10 BHARATHI 
 []


Overfull \hbox (15.97205pt too wide) in paragraph at lines 58--58
 \OT1/cmr/m/sc/10 IN- 
 []


Overfull \hbox (21.80531pt too wide) in paragraph at lines 58--58
 \OT1/cmr/m/sc/10 STI- 
 []


Overfull \hbox (31.27747pt too wide) in paragraph at lines 58--58
 \OT1/cmr/m/sc/10 TUTE 
 []


Overfull \hbox (15.5693pt too wide) in paragraph at lines 58--58
 \OT1/cmr/m/sc/10 OF 
 []


Overfull \hbox (35.0552pt too wide) in paragraph at lines 58--58
 \OT1/cmr/m/sc/10 TECH- 
 []


Overfull \hbox (27.19418pt too wide) in paragraph at lines 58--58
 \OT1/cmr/m/sc/10 NOL- 
 []


Overfull \hbox (25.35948pt too wide) in paragraph at lines 58--58
 \OT1/cmr/m/sc/10 OGY 
 []

! Undefined control sequence.
<recently read> \small 
                       
l.59 ...ed by nba(aicte),ISO certified 9001:2000)}
                                                  \\
The control sequence at the end of the top line
of your error message was never \def'ed. If you have
misspelled it (e.g., `\hobx'), type `I' and the correct
spelling (e.g., `I\hbox'). Otherwise just continue,
and I'll forget about whatever was undefined.


Overfull \hbox (41.66678pt too wide) in paragraph at lines 59--59
 []\OT1/cmr/m/sl/10 (affiliated 
 []


Overfull \hbox (8.88892pt too wide) in paragraph at lines 59--59
 \OT1/cmr/m/sl/10 to 
 []


Overfull \hbox (15.05557pt too wide) in paragraph at lines 59--59
 \OT1/cmr/m/sl/10 Os- 
 []


Overfull \hbox (16.6667pt too wide) in paragraph at lines 59--59
 \OT1/cmr/m/sl/10 ma- 
 []


Overfull \hbox (13.33337pt too wide) in paragraph at lines 59--59
 \OT1/cmr/m/sl/10 nia 
 []


Overfull \hbox (17.22226pt too wide) in paragraph at lines 59--59
 \OT1/cmr/m/sl/10 uni- 
 []


Overfull \hbox (16.69446pt too wide) in paragraph at lines 59--59
 \OT1/cmr/m/sl/10 ver- 
 []


Overfull \hbox (62.02788pt too wide) in paragraph at lines 59--59
 \OT1/cmr/m/sl/10 sity,accredited 
 []


Overfull \hbox (10.55559pt too wide) in paragraph at lines 59--59
 \OT1/cmr/m/sl/10 by 
 []


Overfull \hbox (63.88904pt too wide) in paragraph at lines 59--59
 \OT1/cmr/m/sl/10 nba(aicte),ISO 
 []


Overfull \hbox (16.13889pt too wide) in paragraph at lines 59--59
 \OT1/cmr/m/sl/10 cer- 
 []


Overfull \hbox (10.00002pt too wide) in paragraph at lines 59--59
 \OT1/cmr/m/sl/10 ti- 
 []


Overfull \hbox (15.55559pt too wide) in paragraph at lines 59--59
 \OT1/cmr/m/sl/10 fied 
 []


Overfull \hbox (46.80571pt too wide) in paragraph at lines 59--59
 \OT1/cmr/m/sl/10 9001:2000) 
 []

Missing character: There is no w in font nullfont!
Missing character: There is no e in font nullfont!
Missing character: There is no b in font nullfont!
Missing character: There is no s in font nullfont!
Missing character: There is no i in font nullfont!
Missing character: There is no t in font nullfont!
Missing character: There is no e in font nullfont!
Missing character: There is no : in font nullfont!
Missing character: There is no w in font nullfont!
Missing character: There is no w in font nullfont!
Missing character: There is no w in font nullfont!
Missing character: There is no . in font nullfont!
Missing character: There is no c in font nullfont!
Missing character: There is no b in font nullfont!
Missing character: There is no i in font nullfont!
Missing character: There is no t in font nullfont!
Missing character: There is no . in font nullfont!
Missing character: There is no a in font nullfont!
Missing character: There is no c in font nullfont!
Missing character: There is no . in font nullfont!
Missing character: There is no i in font nullfont!
Missing character: There is no n in font nullfont!

Overfull \hbox (58.1998pt too wide) in paragraph at lines 61--61
 []\OT1/cmr/m/sc/10 hyderabad- 
 []


Overfull \hbox (33.16635pt too wide) in paragraph at lines 61--61
 \OT1/cmr/m/sc/10 500075 
 []

Missing character: There is no 2 in font nullfont!
Missing character: There is no 0 in font nullfont!
Missing character: There is no 1 in font nullfont!
Missing character: There is no 7 in font nullfont!

! LaTeX Error: \begin{document} ended by \end{titlepage}.

See the LaTeX manual or LaTeX Companion for explanation.
Type  H <return>  for immediate help.
 ...                                              
                                                  
l.67 \end{titlepage}
                    
Your command was ignored.
Type  I <command> <return>  to replace it with another command,
or  <return>  to continue without it.

)
! Emergency stop.
<*> titpg.tex
             
*** (job aborted, no legal \end found)

 
Here is how much of TeX's memory you used:
 17 strings out of 493013
 230 string characters out of 6135682
 56267 words of memory out of 5000000
 3658 multiletter control sequences out of 15000+600000
 4602 words of font info for 17 fonts, out of 8000000 for 9000
 1141 hyphenation exceptions out of 8191
 13i,1n,10p,135b,113s stack positions out of 5000i,500n,10000p,200000b,80000s
!  ==> Fatal error occurred, no output PDF file produced!
